Removed Pin From Net: NetName=GND Pin=HUM-1
Removed Pin From Net: NetName=5V Pin=HUM-3
Removed Pin From Net: NetName=NetMEGA Analog In 1_6 Pin=SEN3-4
Removed Pin From Net: NetName=NetMEGA Analog In 1_7 Pin=TMP-3
Added Component: Designator=HUM1(HDR1X3)
Added Component: Designator=MEGA Analog In 1(HDR1X8)
Added Component: Designator=MEGA Analog In 2(HDR1X8)
Added Pin To Net: NetName=NetHUM_3 Pin=HUM1-1
Added Pin To Net: NetName=GND Pin=HUM1-2
Added Pin To Net: NetName=5V Pin=HUM1-3
Added Pin To Net: NetName=5V Pin=HUM-3
Added Pin To Net: NetName=A0 Pin=MEGA Analog In 1-1
Added Pin To Net: NetName=A1 Pin=MEGA Analog In 1-2
Added Pin To Net: NetName=A2 Pin=MEGA Analog In 1-3
Added Pin To Net: NetName=NetC13_2 Pin=MEGA Analog In 1-4
Added Pin To Net: NetName=NetMEGA Analog In 1_4 Pin=MEGA Analog In 1-5
Added Pin To Net: NetName=NetC14_2 Pin=MEGA Analog In 1-6
Added Pin To Net: NetName=NetMEGA Analog In 1_7 Pin=MEGA Analog In 1-7
Added Pin To Net: NetName=NetMEGA Analog In 1_6 Pin=MEGA Analog In 1-8
Added Pin To Net: NetName=NetC12_2 Pin=MEGA Analog In 2-7
Added Pin To Net: NetName=NetMEGA Analog In 2_7 Pin=MEGA Analog In 2-8
Added Pin To Net: NetName=NetMEGA Analog In 1_7 Pin=SEN3-4
Added Pin To Net: NetName=NetMEGA Analog In 1_6 Pin=TMP-3
Change Net Name : Old Net Name=NetHUM_3 New Net Name=NetHUM1_1
Change Net Name : Old Net Name=NetMEGA Analog In 1_4 New Net Name=NetMEGA Analog In 1_5
Change Net Name : Old Net Name=NetMEGA Analog In 1_6 New Net Name=NetMEGA Analog In 1_8
Change Net Name : Old Net Name=NetMEGA Analog In 2_7 New Net Name=NetMEGA Analog In 2_8
Added Pin To Net: NetName=A13 Pin=HUM-1
Added Pin To Net: NetName=A13 Pin=MEGA Analog In 2-6
Added Net: Name=A13
Added Member To Class: ClassName=Telemetry_AnalogSensors_PTC08_Shifter Member=Component HUM1 Humidity
Added Member To Class: ClassName=Analog_Input Member=Component HUM Humidity
Added Member To Class: ClassName=Analog_Input Member=Component MEGA Analog In 1
Added Member To Class: ClassName=Analog_Input Member=Component MEGA Analog In 2 MEGA Analog Input 2
