Removed Pin From Net: NetName=NetBTMP1_2 Pin=RS Telem-3
Removed Pin From Net: NetName=NetBTMP2_2 Pin=RS Telem-4
Removed Pin From Net: NetName=NetBTMP3_2 Pin=RS Telem-5
Added Component: Designator=C16(C1206)
Added Component: Designator=C17(C1206)
Added Component: Designator=C18(C1206)
Added Component: Designator=C18(C1206)
Added Component: Designator=C18(C1206)
Added Component: Designator=MAX3232(rs232)
Added Pin To Net: NetName=GND Pin=C18-1
Added Pin To Net: NetName=GND Pin=C18-1
Added Pin To Net: NetName=GND Pin=C18-1
Added Pin To Net: NetName=5V Pin=MAX3232-5
Added Pin To Net: NetName=GND Pin=MAX3232-6
Added Pin To Net: NetName=NetBTMP1_2 Pin=MEGA Analog In 2-1
Added Pin To Net: NetName=NetBTMP2_2 Pin=MEGA Analog In 2-2
Added Pin To Net: NetName=NetBTMP3_2 Pin=MEGA Analog In 2-3
Added Pin To Net: NetName=GND Pin=RS Telem-2
Change Net Name : Old Net Name=NetBTMP1_2 New Net Name=BTMP1_OUT
Change Net Name : Old Net Name=NetBTMP2_2 New Net Name=BTMP2_OUT
Change Net Name : Old Net Name=NetBTMP3_2 New Net Name=BTMP3_OUT
Added Pin To Net: NetName=BTMP Pin=MEGA Analog In 2-4
Added Pin To Net: NetName=BTMP Pin=RS Telem-5
Added Net: Name=BTMP
Added Pin To Net: NetName=NetC16_1 Pin=C16-1
Added Pin To Net: NetName=NetC16_1 Pin=MAX3232-12
Added Net: Name=NetC16_1
Added Pin To Net: NetName=NetC16_2 Pin=C16-2
Added Pin To Net: NetName=NetC16_2 Pin=MAX3232-11
Added Net: Name=NetC16_2
Added Pin To Net: NetName=NetC17_1 Pin=C17-1
Added Pin To Net: NetName=NetC17_1 Pin=MAX3232-14
Added Net: Name=NetC17_1
Added Pin To Net: NetName=NetC17_2 Pin=C17-2
Added Pin To Net: NetName=NetC17_2 Pin=MAX3232-13
Added Net: Name=NetC17_2
Added Pin To Net: NetName=NetC18_2 Pin=C18-2
Added Pin To Net: NetName=NetC18_2 Pin=MAX3232-16
Added Net: Name=NetC18_2
Added Pin To Net: NetName=NetMAX3232_1 Pin=MAX3232-1
Added Pin To Net: NetName=NetMAX3232_1 Pin=RS Telem-1
Added Net: Name=NetMAX3232_1
Added Pin To Net: NetName=RS232_TX Pin=MAX3232-7
Added Pin To Net: NetName=RS232_TX Pin=MEGA Comm-5
Added Net: Name=RS232_TX
Added Member To Class: ClassName=Telemetry_AnalogSensors_PTC08_Shifter Member=Component C16 0.1uF
Added Member To Class: ClassName=Telemetry_AnalogSensors_PTC08_Shifter Member=Component C17 0.1uF
Added Member To Class: ClassName=Telemetry_AnalogSensors_PTC08_Shifter Member=Component C18 0.1uF
Added Member To Class: ClassName=Telemetry_AnalogSensors_PTC08_Shifter Member=Component MAX3232 
Added Room: Name=Analog_Input
Added Room: Name=ArduinoPWR-DIG_SDCard
Added Room: Name=GoPro_Actuator_LED
Added Room: Name=Power_TimerEvents
Added Room: Name=Telemetry_AnalogSensors_PTC08_Shifter
