Removed Pin From Net: NetName=NetMEGA Comm_1 Pin=PTC1-2
Removed Pin From Net: NetName=NetMEGA Comm_3 Pin=PTC2-2
Change Component Designator: OldDesignator=Pres/Temp NewDesignator=SEN1
Added Component: Designator=R34(AXIAL-0.4)
Added Component: Designator=R35(AXIAL-0.4)
Added Component: Designator=R36(AXIAL-0.4)
Added Component: Designator=R37(AXIAL-0.4)
Added Pin To Net: NetName=NetMEGA Comm_1 Pin=R34-2
Added Pin To Net: NetName=NetMEGA Comm_1 Pin=R35-1
Added Pin To Net: NetName=GND Pin=R35-2
Added Pin To Net: NetName=NetMEGA Comm_3 Pin=R36-2
Added Pin To Net: NetName=NetMEGA Comm_3 Pin=R37-1
Added Pin To Net: NetName=GND Pin=R37-2
Added Pin To Net: NetName=NetPTC1_2 Pin=PTC1-2
Added Pin To Net: NetName=NetPTC1_2 Pin=R34-1
Added Net: Name=NetPTC1_2
Added Pin To Net: NetName=NetPTC2_2 Pin=PTC2-2
Added Pin To Net: NetName=NetPTC2_2 Pin=R36-1
Added Net: Name=NetPTC2_2
Added Member To Class: ClassName=Telemetry_AnalogSensors_PTC08_Shifter Member=Component BTMP1 Boom Temp
Added Member To Class: ClassName=Power_TimerEvents Member=Component R5 34K
Added Member To Class: ClassName=Telemetry_AnalogSensors_PTC08_Shifter Member=Component R34 10k
Added Member To Class: ClassName=Telemetry_AnalogSensors_PTC08_Shifter Member=Component R35 10k
Added Member To Class: ClassName=Telemetry_AnalogSensors_PTC08_Shifter Member=Component R36 10k
Added Member To Class: ClassName=Telemetry_AnalogSensors_PTC08_Shifter Member=Component R37 10k
Added Member To Class: ClassName=Telemetry_AnalogSensors_PTC08_Shifter Member=Component RS Telem RockSat Telemetry
Added Room: Name=Analog_Input
Added Room: Name=ArduinoPWR-DIG_SDCard
Added Room: Name=GoPro_Actuator_LED
Added Room: Name=Power_TimerEvents
Added Room: Name=Telemetry_AnalogSensors_PTC08_Shifter
