Removed Member From Class: ClassName=ArduinoPWR-COMM-DIG_SDCard Member=MEGA Comm
Change Component Comment : Designator=MEGA DIGITAL Old Comment=MEGA Dgital New Comment=MEGA Digital
Added Component: Designator=ACC(HDR1X7)
Added Component: Designator=C1(C1206)
Added Component: Designator=C2(C1206)
Added Component: Designator=C3(C1206)
Added Component: Designator=C4(0402)
Added Component: Designator=SEN1(HDR1X4)
Added Component: Designator=SEN2(HDR1X4)
Added Component: Designator=SEN3(HDR1X4)
Added Component: Designator=TMP(HDR1X3)
Added Member To Class: ClassName=Analog_Input Member=Component ACC Accelerometer
Added Member To Class: ClassName=Analog_Input Member=Component C1 Cap Semi
Added Member To Class: ClassName=Analog_Input Member=Component C2 Cap Semi
Added Member To Class: ClassName=Analog_Input Member=Component C3 Cap Semi
Added Member To Class: ClassName=Analog_Input Member=Component C4 Cap Semi
Added Member To Class: ClassName=Analog_Input Member=Component R1 Res2
Added Member To Class: ClassName=Analog_Input Member=Component R2 Res2
Added Member To Class: ClassName=Analog_Input Member=Component R3 Res2
Added Member To Class: ClassName=Analog_Input Member=Component R4 Res2
Added Member To Class: ClassName=Analog_Input Member=Component R5 Res2
Added Member To Class: ClassName=Analog_Input Member=Component R6 Res2
Added Member To Class: ClassName=Analog_Input Member=Component SEN1 Temp/Press
Added Member To Class: ClassName=Analog_Input Member=Component SEN2 Temp/Press
Added Member To Class: ClassName=Analog_Input Member=Component SEN3 Temp/Press
Added Member To Class: ClassName=Analog_Input Member=Component TMP Amb Temp
