Added Component: Designator=ACC(HDR1X7)
Added Component: Designator=BTMP1(HDR1X2)
Added Component: Designator=BTMP2(HDR1X2)
Added Component: Designator=BTMP3(HDR1X2)
Added Component: Designator=Buck_5V(buck_5V)
Added Component: Designator=Buck_12V(LMZ1420)
Added Component: Designator=C5(C1206)
Added Component: Designator=C6(1608[0603])
Added Component: Designator=C7(1608[0603])
Added Component: Designator=C8(C1206)
Added Component: Designator=C12(C1206)
Added Component: Designator=C13(C1206)
Added Component: Designator=C14(C1206)
Added Component: Designator=C15(C1206)
Added Component: Designator=C16(C1206)
Added Component: Designator=C17(C1206)
Added Component: Designator=C18(C1206)
Added Component: Designator=C19(C1206)
Added Component: Designator=C20(C1206)
Added Component: Designator=C21(C1206)
Added Component: Designator=C22(C1206)
Added Component: Designator=C23(C1206)
Added Component: Designator=C24(C1206)
Added Component: Designator=C25(C1206)
Added Component: Designator=C26(C1206)
Added Component: Designator=C27(C1206)
Added Component: Designator=C28(C1206)
Added Component: Designator=C29(C1206)
Added Component: Designator=C30(C1206)
Added Component: Designator=C31(C1206)
Added Component: Designator=C32(C1206)
Added Component: Designator=GP1(HDR1X3)
Added Component: Designator=GP2(HDR1X3)
Added Component: Designator=HUM1(HDR1X3)
Added Component: Designator=ILED3(LED)
Added Component: Designator=ILED4(LED)
Added Component: Designator=ILED5(LED)
Added Component: Designator=LA1(HDR1X2)
Added Component: Designator=LA2(HDR1X2)
Added Component: Designator=LED1(HDR1X2)
Added Component: Designator=LED2(HDR1X2)
Added Component: Designator=MAX3232(rs232)
Added Component: Designator=MEGA Analog In 1(HDR1X8)
Added Component: Designator=MEGA Analog In 2(HDR1X8)
Added Component: Designator=MEGA Comm(HDR1X8)
Added Component: Designator=MEGA DIGITAL(HDR2X18)
Added Component: Designator=MEGA Power(HDR1X8)
Added Component: Designator=MEGA PWM(HDR1X10)
Added Component: Designator=P1(HDR1X4H)
Added Component: Designator=P2(HDR1X4H)
Added Component: Designator=P3(HDR1X4H)
Added Component: Designator=PTC1(HDR1X4)
Added Component: Designator=PTC2(HDR1X4)
Added Component: Designator=Q1(E3)
Added Component: Designator=Q2(E3)
Added Component: Designator=Q4(E3)
Added Component: Designator=Q5(E3)
Added Component: Designator=Q6(E3)
Added Component: Designator=Q7(E3)
Added Component: Designator=R6(AXIAL-0.6)
Added Component: Designator=R7(AXIAL-0.7)
Added Component: Designator=R8(AXIAL-0.6)
Added Component: Designator=R9(smd_R9)
Added Component: Designator=R10(12Z-2010)
Added Component: Designator=R13(AXIAL-0.4)
Added Component: Designator=R14(AXIAL-0.4)
Added Component: Designator=R15(J1-0603)
Added Component: Designator=R16(J1-0603)
Added Component: Designator=R17(AXIAL-0.4)
Added Component: Designator=R18(AXIAL-0.4)
Added Component: Designator=R19(AXIAL-0.4)
Added Component: Designator=R20(AXIAL-0.4)
Added Component: Designator=R21(AXIAL-0.4)
Added Component: Designator=R25(J1-0603)
Added Component: Designator=R26(J1-0603)
Added Component: Designator=R27(J1-0603)
Added Component: Designator=R28(J1-0603)
Added Component: Designator=R29(J1-0603)
Added Component: Designator=R30(J1-0603)
Added Component: Designator=R31(J1-0603)
Added Component: Designator=R32(J1-0603)
Added Component: Designator=R33(J1-0603)
Added Component: Designator=R34(J1-0603)
Added Component: Designator=R35(J1-0603)
Added Component: Designator=R36(J1-0603)
Added Component: Designator=R37(J1-0603)
Added Component: Designator=R38(J1-0603)
Added Component: Designator=R39(J1-0603)
Added Component: Designator=R40(J1-0603)
Added Component: Designator=R41(J1-0603)
Added Component: Designator=R42(AXIAL-0.4)
Added Component: Designator=R43(AXIAL-0.4)
Added Component: Designator=R44(AXIAL-0.4)
Added Component: Designator=R45(AXIAL-0.4)
Added Component: Designator=RS PWR(HDR1X7)
Added Component: Designator=RS Telem(HDR1X6)
Added Component: Designator=SD Card(HDR1X8)
Added Component: Designator=SEN1(HDR1X4)
Added Component: Designator=SEN2(HDR1X4)
Added Component: Designator=SEN3(HDR1X4)
Added Component: Designator=T1(HDR1X3)
Added Component: Designator=T2(HDR1X3)
Added Component: Designator=T3(HDR1X3)
Added Component: Designator=TMP(HDR1X3)
Added Component: Designator=U1(KP-234)
Added Component: Designator=U2(KP-234)
Added Component: Designator=U3(KP-234)
Added Pin To Net: NetName=3.3V Pin=MEGA Power-3
Added Net: Name=3.3V
Added Pin To Net: NetName=5V Pin=ACC-1
Added Pin To Net: NetName=5V Pin=BTMP1-1
Added Pin To Net: NetName=5V Pin=BTMP2-1
Added Pin To Net: NetName=5V Pin=BTMP3-1
Added Pin To Net: NetName=5V Pin=Buck_5V-1
Added Pin To Net: NetName=5V Pin=C15-1
Added Pin To Net: NetName=5V Pin=C20-1
Added Pin To Net: NetName=5V Pin=GP1-1
Added Pin To Net: NetName=5V Pin=GP2-1
Added Pin To Net: NetName=5V Pin=HUM1-3
Added Pin To Net: NetName=5V Pin=MAX3232-16
Added Pin To Net: NetName=5V Pin=PTC1-1
Added Pin To Net: NetName=5V Pin=PTC2-1
Added Pin To Net: NetName=5V Pin=Q6-1
Added Pin To Net: NetName=5V Pin=Q7-1
Added Pin To Net: NetName=5V Pin=R13-2
Added Pin To Net: NetName=5V Pin=R14-2
Added Pin To Net: NetName=5V Pin=SD Card-1
Added Pin To Net: NetName=5V Pin=SEN1-1
Added Pin To Net: NetName=5V Pin=SEN2-1
Added Pin To Net: NetName=5V Pin=SEN3-1
Added Pin To Net: NetName=5V Pin=TMP-1
Added Net: Name=5V
Added Pin To Net: NetName=12V Pin=Buck_12V-7
Added Pin To Net: NetName=12V Pin=C7-2
Added Pin To Net: NetName=12V Pin=C8-1
Added Pin To Net: NetName=12V Pin=MEGA Power-7
Added Pin To Net: NetName=12V Pin=R10-2
Added Pin To Net: NetName=12V Pin=R17-1
Added Pin To Net: NetName=12V Pin=R18-1
Added Net: Name=12V
Added Pin To Net: NetName=A0 Pin=ACC-7
Added Pin To Net: NetName=A0 Pin=C23-2
Added Pin To Net: NetName=A0 Pin=MEGA Analog In 1-1
Added Net: Name=A0
Added Pin To Net: NetName=A1 Pin=ACC-6
Added Pin To Net: NetName=A1 Pin=C22-2
Added Pin To Net: NetName=A1 Pin=MEGA Analog In 1-2
Added Net: Name=A1
Added Pin To Net: NetName=A2 Pin=ACC-5
Added Pin To Net: NetName=A2 Pin=C21-2
Added Pin To Net: NetName=A2 Pin=MEGA Analog In 1-3
Added Net: Name=A2
Added Pin To Net: NetName=AREF Pin=ACC-2
Added Pin To Net: NetName=AREF Pin=MEGA PWM-3
Added Net: Name=AREF
Added Pin To Net: NetName=GND1 Pin=C24-1
Added Pin To Net: NetName=GND1 Pin=C25-2
Added Pin To Net: NetName=GND1 Pin=C30-2
Added Pin To Net: NetName=GND1 Pin=P1-2
Added Pin To Net: NetName=GND1 Pin=T1-3
Added Pin To Net: NetName=GND1 Pin=U1-6
Added Pin To Net: NetName=GND1 Pin=U1-8
Added Net: Name=GND1
Added Pin To Net: NetName=GND2 Pin=C28-1
Added Pin To Net: NetName=GND2 Pin=C29-2
Added Pin To Net: NetName=GND2 Pin=C32-2
Added Pin To Net: NetName=GND2 Pin=P2-2
Added Pin To Net: NetName=GND2 Pin=T2-3
Added Pin To Net: NetName=GND2 Pin=U2-6
Added Pin To Net: NetName=GND2 Pin=U2-8
Added Net: Name=GND2
Added Pin To Net: NetName=GND3 Pin=C26-1
Added Pin To Net: NetName=GND3 Pin=C27-2
Added Pin To Net: NetName=GND3 Pin=C31-2
Added Pin To Net: NetName=GND3 Pin=P3-2
Added Pin To Net: NetName=GND3 Pin=T3-3
Added Pin To Net: NetName=GND3 Pin=U3-6
Added Pin To Net: NetName=GND3 Pin=U3-8
Added Net: Name=GND3
Added Pin To Net: NetName=GND Pin=ACC-3
Added Pin To Net: NetName=GND Pin=Buck_5V-3
Added Pin To Net: NetName=GND Pin=Buck_5V-5
Added Pin To Net: NetName=GND Pin=Buck_12V-4
Added Pin To Net: NetName=GND Pin=Buck_12V-4
Added Pin To Net: NetName=GND Pin=C5-2
Added Pin To Net: NetName=GND Pin=C6-2
Added Pin To Net: NetName=GND Pin=C8-2
Added Pin To Net: NetName=GND Pin=C12-1
Added Pin To Net: NetName=GND Pin=C13-1
Added Pin To Net: NetName=GND Pin=C14-1
Added Pin To Net: NetName=GND Pin=C15-2
Added Pin To Net: NetName=GND Pin=C18-1
Added Pin To Net: NetName=GND Pin=C19-2
Added Pin To Net: NetName=GND Pin=C20-2
Added Pin To Net: NetName=GND Pin=C21-1
Added Pin To Net: NetName=GND Pin=C22-1
Added Pin To Net: NetName=GND Pin=C23-1
Added Pin To Net: NetName=GND Pin=GP1-3
Added Pin To Net: NetName=GND Pin=GP2-3
Added Pin To Net: NetName=GND Pin=HUM1-1
Added Pin To Net: NetName=GND Pin=ILED3-1
Added Pin To Net: NetName=GND Pin=ILED4-1
Added Pin To Net: NetName=GND Pin=ILED5-1
Added Pin To Net: NetName=GND Pin=LED1-2
Added Pin To Net: NetName=GND Pin=LED2-2
Added Pin To Net: NetName=GND Pin=MAX3232-15
Added Pin To Net: NetName=GND Pin=MEGA DIGITAL-35
Added Pin To Net: NetName=GND Pin=MEGA DIGITAL-36
Added Pin To Net: NetName=GND Pin=MEGA Power-5
Added Pin To Net: NetName=GND Pin=MEGA Power-6
Added Pin To Net: NetName=GND Pin=MEGA PWM-4
Added Pin To Net: NetName=GND Pin=PTC1-4
Added Pin To Net: NetName=GND Pin=PTC2-4
Added Pin To Net: NetName=GND Pin=Q1-3
Added Pin To Net: NetName=GND Pin=Q2-3
Added Pin To Net: NetName=GND Pin=Q4-3
Added Pin To Net: NetName=GND Pin=Q5-3
Added Pin To Net: NetName=GND Pin=R7-1
Added Pin To Net: NetName=GND Pin=R9-1
Added Pin To Net: NetName=GND Pin=R15-1
Added Pin To Net: NetName=GND Pin=R16-1
Added Pin To Net: NetName=GND Pin=R26-1
Added Pin To Net: NetName=GND Pin=R28-2
Added Pin To Net: NetName=GND Pin=R30-1
Added Pin To Net: NetName=GND Pin=R31-1
Added Pin To Net: NetName=GND Pin=R32-1
Added Pin To Net: NetName=GND Pin=R33-1
Added Pin To Net: NetName=GND Pin=R35-2
Added Pin To Net: NetName=GND Pin=R37-2
Added Pin To Net: NetName=GND Pin=R38-1
Added Pin To Net: NetName=GND Pin=R39-1
Added Pin To Net: NetName=GND Pin=R40-1
Added Pin To Net: NetName=GND Pin=R41-1
Added Pin To Net: NetName=GND Pin=R42-1
Added Pin To Net: NetName=GND Pin=R43-2
Added Pin To Net: NetName=GND Pin=R44-1
Added Pin To Net: NetName=GND Pin=R45-1
Added Pin To Net: NetName=GND Pin=RS PWR-4
Added Pin To Net: NetName=GND Pin=RS PWR-5
Added Pin To Net: NetName=GND Pin=RS PWR-6
Added Pin To Net: NetName=GND Pin=RS PWR-7
Added Pin To Net: NetName=GND Pin=RS Telem-2
Added Pin To Net: NetName=GND Pin=SD Card-3
Added Pin To Net: NetName=GND Pin=SEN1-2
Added Pin To Net: NetName=GND Pin=SEN2-2
Added Pin To Net: NetName=GND Pin=SEN3-2
Added Pin To Net: NetName=GND Pin=TMP-2
Added Net: Name=GND
Added Pin To Net: NetName=GPRO_TRIG1 Pin=MEGA DIGITAL-5
Added Pin To Net: NetName=GPRO_TRIG1 Pin=Q2-2
Added Pin To Net: NetName=GPRO_TRIG1 Pin=R40-2
Added Net: Name=GPRO_TRIG1
Added Pin To Net: NetName=GPRO_TRIG2 Pin=MEGA DIGITAL-25
Added Pin To Net: NetName=GPRO_TRIG2 Pin=Q5-2
Added Pin To Net: NetName=GPRO_TRIG2 Pin=R41-2
Added Net: Name=GPRO_TRIG2
Added Pin To Net: NetName=LA_TRIG1 Pin=MEGA DIGITAL-9
Added Pin To Net: NetName=LA_TRIG1 Pin=Q1-2
Added Pin To Net: NetName=LA_TRIG1 Pin=R16-2
Added Net: Name=LA_TRIG1
Added Pin To Net: NetName=LA_TRIG2 Pin=MEGA DIGITAL-11
Added Pin To Net: NetName=LA_TRIG2 Pin=Q4-2
Added Pin To Net: NetName=LA_TRIG2 Pin=R15-2
Added Net: Name=LA_TRIG2
Added Pin To Net: NetName=LED_TRIG Pin=MEGA DIGITAL-7
Added Net: Name=LED_TRIG
Added Pin To Net: NetName=NetBTMP1_2 Pin=BTMP1-2
Added Pin To Net: NetName=NetBTMP1_2 Pin=R31-2
Added Pin To Net: NetName=NetBTMP1_2 Pin=RS Telem-3
Added Net: Name=NetBTMP1_2
Added Pin To Net: NetName=NetBTMP2_2 Pin=BTMP2-2
Added Pin To Net: NetName=NetBTMP2_2 Pin=R32-2
Added Pin To Net: NetName=NetBTMP2_2 Pin=RS Telem-4
Added Net: Name=NetBTMP2_2
Added Pin To Net: NetName=NetBTMP3_2 Pin=BTMP3-2
Added Pin To Net: NetName=NetBTMP3_2 Pin=R33-2
Added Pin To Net: NetName=NetBTMP3_2 Pin=RS Telem-5
Added Net: Name=NetBTMP3_2
Added Pin To Net: NetName=NetBuck_5V_6 Pin=Buck_5V-6
Added Pin To Net: NetName=NetBuck_5V_6 Pin=Buck_12V-1
Added Pin To Net: NetName=NetBuck_5V_6 Pin=C5-1
Added Pin To Net: NetName=NetBuck_5V_6 Pin=R6-2
Added Pin To Net: NetName=NetBuck_5V_6 Pin=R8-2
Added Pin To Net: NetName=NetBuck_5V_6 Pin=RS PWR-1
Added Net: Name=NetBuck_5V_6
Added Pin To Net: NetName=NetBuck_12V_2 Pin=Buck_12V-2
Added Pin To Net: NetName=NetBuck_12V_2 Pin=R6-1
Added Net: Name=NetBuck_12V_2
Added Pin To Net: NetName=NetBuck_12V_3 Pin=Buck_12V-3
Added Pin To Net: NetName=NetBuck_12V_3 Pin=R7-2
Added Pin To Net: NetName=NetBuck_12V_3 Pin=R8-1
Added Net: Name=NetBuck_12V_3
Added Pin To Net: NetName=NetBuck_12V_5 Pin=Buck_12V-5
Added Pin To Net: NetName=NetBuck_12V_5 Pin=C6-1
Added Net: Name=NetBuck_12V_5
Added Pin To Net: NetName=NetBuck_12V_6 Pin=Buck_12V-6
Added Pin To Net: NetName=NetBuck_12V_6 Pin=C7-1
Added Pin To Net: NetName=NetBuck_12V_6 Pin=R9-2
Added Pin To Net: NetName=NetBuck_12V_6 Pin=R10-1
Added Net: Name=NetBuck_12V_6
Added Pin To Net: NetName=NetC12_2 Pin=C12-2
Added Pin To Net: NetName=NetC12_2 Pin=MEGA Analog In 2-7
Added Pin To Net: NetName=NetC12_2 Pin=R25-2
Added Net: Name=NetC12_2
Added Pin To Net: NetName=NetC13_2 Pin=C13-2
Added Pin To Net: NetName=NetC13_2 Pin=MEGA Analog In 1-4
Added Pin To Net: NetName=NetC13_2 Pin=R27-1
Added Net: Name=NetC13_2
Added Pin To Net: NetName=NetC14_2 Pin=C14-2
Added Pin To Net: NetName=NetC14_2 Pin=MEGA Analog In 1-6
Added Pin To Net: NetName=NetC14_2 Pin=R29-2
Added Net: Name=NetC14_2
Added Pin To Net: NetName=NetC16_1 Pin=C16-1
Added Pin To Net: NetName=NetC16_1 Pin=MAX3232-1
Added Net: Name=NetC16_1
Added Pin To Net: NetName=NetC16_2 Pin=C16-2
Added Pin To Net: NetName=NetC16_2 Pin=MAX3232-3
Added Net: Name=NetC16_2
Added Pin To Net: NetName=NetC17_1 Pin=C17-1
Added Pin To Net: NetName=NetC17_1 Pin=MAX3232-4
Added Net: Name=NetC17_1
Added Pin To Net: NetName=NetC17_2 Pin=C17-2
Added Pin To Net: NetName=NetC17_2 Pin=MAX3232-5
Added Net: Name=NetC17_2
Added Pin To Net: NetName=NetC18_2 Pin=C18-2
Added Pin To Net: NetName=NetC18_2 Pin=MAX3232-6
Added Net: Name=NetC18_2
Added Pin To Net: NetName=NetC19_1 Pin=C19-1
Added Pin To Net: NetName=NetC19_1 Pin=MAX3232-2
Added Net: Name=NetC19_1
Added Pin To Net: NetName=NetGP1_2 Pin=GP1-2
Added Pin To Net: NetName=NetGP1_2 Pin=Q2-1
Added Net: Name=NetGP1_2
Added Pin To Net: NetName=NetGP2_2 Pin=GP2-2
Added Pin To Net: NetName=NetGP2_2 Pin=Q5-1
Added Net: Name=NetGP2_2
Added Pin To Net: NetName=NetHUM1_2 Pin=HUM1-2
Added Pin To Net: NetName=NetHUM1_2 Pin=RS Telem-6
Added Net: Name=NetHUM1_2
Added Pin To Net: NetName=NetILED3_0 Pin=ILED3-0
Added Pin To Net: NetName=NetILED3_0 Pin=R21-1
Added Net: Name=NetILED3_0
Added Pin To Net: NetName=NetILED4_0 Pin=ILED4-0
Added Pin To Net: NetName=NetILED4_0 Pin=R20-1
Added Net: Name=NetILED4_0
Added Pin To Net: NetName=NetILED5_0 Pin=ILED5-0
Added Pin To Net: NetName=NetILED5_0 Pin=R19-1
Added Net: Name=NetILED5_0
Added Pin To Net: NetName=NetLA1_1 Pin=LA1-1
Added Pin To Net: NetName=NetLA1_1 Pin=R17-2
Added Net: Name=NetLA1_1
Added Pin To Net: NetName=NetLA1_2 Pin=LA1-2
Added Pin To Net: NetName=NetLA1_2 Pin=Q1-1
Added Net: Name=NetLA1_2
Added Pin To Net: NetName=NetLA2_1 Pin=LA2-1
Added Pin To Net: NetName=NetLA2_1 Pin=R18-2
Added Net: Name=NetLA2_1
Added Pin To Net: NetName=NetLA2_2 Pin=LA2-2
Added Pin To Net: NetName=NetLA2_2 Pin=Q4-1
Added Net: Name=NetLA2_2
Added Pin To Net: NetName=NetLED1_1 Pin=LED1-1
Added Pin To Net: NetName=NetLED1_1 Pin=R13-1
Added Pin To Net: NetName=NetLED1_1 Pin=R42-2
Added Net: Name=NetLED1_1
Added Pin To Net: NetName=NetLED2_1 Pin=LED2-1
Added Pin To Net: NetName=NetLED2_1 Pin=R14-1
Added Pin To Net: NetName=NetLED2_1 Pin=R43-1
Added Net: Name=NetLED2_1
Added Pin To Net: NetName=NetMAX3232_14 Pin=MAX3232-14
Added Pin To Net: NetName=NetMAX3232_14 Pin=RS Telem-1
Added Net: Name=NetMAX3232_14
Added Pin To Net: NetName=NetMEGA Analog In 1_5 Pin=MEGA Analog In 1-5
Added Pin To Net: NetName=NetMEGA Analog In 1_5 Pin=SEN2-4
Added Net: Name=NetMEGA Analog In 1_5
Added Pin To Net: NetName=NetMEGA Analog In 1_7 Pin=MEGA Analog In 1-7
Added Pin To Net: NetName=NetMEGA Analog In 1_7 Pin=SEN3-4
Added Net: Name=NetMEGA Analog In 1_7
Added Pin To Net: NetName=NetMEGA Analog In 1_8 Pin=MEGA Analog In 1-8
Added Pin To Net: NetName=NetMEGA Analog In 1_8 Pin=TMP-3
Added Net: Name=NetMEGA Analog In 1_8
Added Pin To Net: NetName=NetMEGA Analog In 2_8 Pin=MEGA Analog In 2-8
Added Pin To Net: NetName=NetMEGA Analog In 2_8 Pin=SEN1-4
Added Net: Name=NetMEGA Analog In 2_8
Added Pin To Net: NetName=NetMEGA Comm_1 Pin=MEGA Comm-1
Added Pin To Net: NetName=NetMEGA Comm_1 Pin=R34-2
Added Net: Name=NetMEGA Comm_1
Added Pin To Net: NetName=NetMEGA Comm_2 Pin=MEGA Comm-2
Added Pin To Net: NetName=NetMEGA Comm_2 Pin=PTC1-3
Added Net: Name=NetMEGA Comm_2
Added Pin To Net: NetName=NetMEGA Comm_3 Pin=MEGA Comm-3
Added Pin To Net: NetName=NetMEGA Comm_3 Pin=R36-2
Added Net: Name=NetMEGA Comm_3
Added Pin To Net: NetName=NetMEGA Comm_4 Pin=MEGA Comm-4
Added Pin To Net: NetName=NetMEGA Comm_4 Pin=PTC2-3
Added Net: Name=NetMEGA Comm_4
Added Pin To Net: NetName=NetMEGA DIGITAL_26 Pin=MEGA DIGITAL-26
Added Pin To Net: NetName=NetMEGA DIGITAL_26 Pin=R21-2
Added Net: Name=NetMEGA DIGITAL_26
Added Pin To Net: NetName=NetMEGA DIGITAL_28 Pin=MEGA DIGITAL-28
Added Pin To Net: NetName=NetMEGA DIGITAL_28 Pin=R20-2
Added Net: Name=NetMEGA DIGITAL_28
Added Pin To Net: NetName=NetMEGA DIGITAL_30 Pin=MEGA DIGITAL-30
Added Pin To Net: NetName=NetMEGA DIGITAL_30 Pin=R19-2
Added Net: Name=NetMEGA DIGITAL_30
Added Pin To Net: NetName=NetMEGA DIGITAL_31 Pin=MEGA DIGITAL-31
Added Pin To Net: NetName=NetMEGA DIGITAL_31 Pin=SD Card-5
Added Net: Name=NetMEGA DIGITAL_31
Added Pin To Net: NetName=NetMEGA DIGITAL_32 Pin=MEGA DIGITAL-32
Added Pin To Net: NetName=NetMEGA DIGITAL_32 Pin=SD Card-6
Added Net: Name=NetMEGA DIGITAL_32
Added Pin To Net: NetName=NetMEGA DIGITAL_33 Pin=MEGA DIGITAL-33
Added Pin To Net: NetName=NetMEGA DIGITAL_33 Pin=SD Card-4
Added Net: Name=NetMEGA DIGITAL_33
Added Pin To Net: NetName=NetMEGA DIGITAL_34 Pin=MEGA DIGITAL-34
Added Pin To Net: NetName=NetMEGA DIGITAL_34 Pin=SD Card-7
Added Net: Name=NetMEGA DIGITAL_34
Added Pin To Net: NetName=NetPTC1_2 Pin=PTC1-2
Added Pin To Net: NetName=NetPTC1_2 Pin=R34-1
Added Pin To Net: NetName=NetPTC1_2 Pin=R35-1
Added Net: Name=NetPTC1_2
Added Pin To Net: NetName=NetPTC2_2 Pin=PTC2-2
Added Pin To Net: NetName=NetPTC2_2 Pin=R36-1
Added Pin To Net: NetName=NetPTC2_2 Pin=R37-1
Added Net: Name=NetPTC2_2
Added Pin To Net: NetName=NetQ6_2 Pin=Q6-2
Added Pin To Net: NetName=NetQ6_2 Pin=RS PWR-2
Added Net: Name=NetQ6_2
Added Pin To Net: NetName=NetQ7_2 Pin=Q7-2
Added Pin To Net: NetName=NetQ7_2 Pin=R45-2
Added Pin To Net: NetName=NetQ7_2 Pin=RS PWR-3
Added Net: Name=NetQ7_2
Added Pin To Net: NetName=NetR25_1 Pin=R25-1
Added Pin To Net: NetName=NetR25_1 Pin=R26-2
Added Pin To Net: NetName=NetR25_1 Pin=SEN1-3
Added Net: Name=NetR25_1
Added Pin To Net: NetName=NetR27_2 Pin=R27-2
Added Pin To Net: NetName=NetR27_2 Pin=R28-1
Added Pin To Net: NetName=NetR27_2 Pin=SEN2-3
Added Net: Name=NetR27_2
Added Pin To Net: NetName=NetR29_1 Pin=R29-1
Added Pin To Net: NetName=NetR29_1 Pin=R30-2
Added Pin To Net: NetName=NetR29_1 Pin=SEN3-3
Added Net: Name=NetR29_1
Added Pin To Net: NetName=OUTP1 Pin=C24-2
Added Pin To Net: NetName=OUTP1 Pin=P1-3
Added Pin To Net: NetName=OUTP1 Pin=U1-7
Added Net: Name=OUTP1
Added Pin To Net: NetName=OUTP2 Pin=C28-2
Added Pin To Net: NetName=OUTP2 Pin=P2-3
Added Pin To Net: NetName=OUTP2 Pin=U2-7
Added Net: Name=OUTP2
Added Pin To Net: NetName=OUTP3 Pin=C26-2
Added Pin To Net: NetName=OUTP3 Pin=P3-3
Added Pin To Net: NetName=OUTP3 Pin=U3-7
Added Net: Name=OUTP3
Added Pin To Net: NetName=OUTT1 Pin=P1-4
Added Pin To Net: NetName=OUTT1 Pin=T1-2
Added Net: Name=OUTT1
Added Pin To Net: NetName=OUTT2 Pin=P2-4
Added Pin To Net: NetName=OUTT2 Pin=T2-2
Added Net: Name=OUTT2
Added Pin To Net: NetName=OUTT3 Pin=P3-4
Added Pin To Net: NetName=OUTT3 Pin=T3-2
Added Net: Name=OUTT3
Added Pin To Net: NetName=RS232_TX Pin=MAX3232-11
Added Pin To Net: NetName=RS232_TX Pin=MEGA Comm-5
Added Net: Name=RS232_TX
Added Pin To Net: NetName=TE2_INT Pin=MEGA Comm-7
Added Pin To Net: NetName=TE2_INT Pin=Q6-3
Added Pin To Net: NetName=TE2_INT Pin=R38-2
Added Net: Name=TE2_INT
Added Pin To Net: NetName=TE3_INT Pin=MEGA Comm-8
Added Pin To Net: NetName=TE3_INT Pin=Q7-3
Added Pin To Net: NetName=TE3_INT Pin=R39-2
Added Net: Name=TE3_INT
Added Pin To Net: NetName=VDD5V_1 Pin=C25-1
Added Pin To Net: NetName=VDD5V_1 Pin=C30-1
Added Pin To Net: NetName=VDD5V_1 Pin=P1-1
Added Pin To Net: NetName=VDD5V_1 Pin=T1-1
Added Pin To Net: NetName=VDD5V_1 Pin=U1-5
Added Net: Name=VDD5V_1
Added Pin To Net: NetName=VDD5V_2 Pin=C29-1
Added Pin To Net: NetName=VDD5V_2 Pin=C32-1
Added Pin To Net: NetName=VDD5V_2 Pin=P2-1
Added Pin To Net: NetName=VDD5V_2 Pin=T2-1
Added Pin To Net: NetName=VDD5V_2 Pin=U2-5
Added Net: Name=VDD5V_2
Added Pin To Net: NetName=VDD5V_3 Pin=C27-1
Added Pin To Net: NetName=VDD5V_3 Pin=C31-1
Added Pin To Net: NetName=VDD5V_3 Pin=P3-1
Added Pin To Net: NetName=VDD5V_3 Pin=T3-1
Added Pin To Net: NetName=VDD5V_3 Pin=U3-5
Added Net: Name=VDD5V_3
Added Class: Name=Analog_Input
Added Class: Name=ArduinoPWR-DIG_SDCard
Added Class: Name=GoPro_Actuator_LED
Added Class: Name=Power_TimerEvents
Added Class: Name=Telemetry_AnalogSensors_PTC08_Shifter
Added Class: Name=temp_presX3
Added Room: Name=Analog_Input
Added Room: Name=ArduinoPWR-DIG_SDCard
Added Room: Name=GoPro_Actuator_LED
Added Room: Name=Power_TimerEvents
Added Room: Name=Telemetry_AnalogSensors_PTC08_Shifter
Added Room: Name=temp_presX3
