Replace Part 5V_to_3.3V Component_1 in C:\Users\lehu1188\ROCKETSATxPcb\PCB_Project_Main\Power_TimerEvents.SchDoc with Component_1 from LM1117.SchLib
Replace Part Buck_5V Component_1 in C:\Users\lehu1188\ROCKETSATxPcb\PCB_Project_Main\Power_TimerEvents.SchDoc with Component_1 from LMZ1420XX.SchLib
Replace Part Buck_12V Component_1 in C:\Users\lehu1188\ROCKETSATxPcb\PCB_Project_Main\Power_TimerEvents.SchDoc with Component_1 from LMZ1420XX.SchLib
Replace Part C1 Cap Semi in C:\Users\lehu1188\ROCKETSATxPcb\PCB_Project_Main\Power_TimerEvents.SchDoc with Cap Semi from Miscellaneous Devices.IntLib
Replace Part C2 Cap Semi in C:\Users\lehu1188\ROCKETSATxPcb\PCB_Project_Main\Power_TimerEvents.SchDoc with Cap Semi from Miscellaneous Devices.IntLib
Replace Part C3 Cap Semi in C:\Users\lehu1188\ROCKETSATxPcb\PCB_Project_Main\Power_TimerEvents.SchDoc with Cap Semi from Miscellaneous Devices.IntLib
Replace Part C4 Cap Semi in C:\Users\lehu1188\ROCKETSATxPcb\PCB_Project_Main\Power_TimerEvents.SchDoc with Cap Semi from Miscellaneous Devices.IntLib
Replace Part C5 Cap Semi in C:\Users\lehu1188\ROCKETSATxPcb\PCB_Project_Main\Power_TimerEvents.SchDoc with Cap Semi from Miscellaneous Devices.IntLib
Replace Part C6 Cap Semi in C:\Users\lehu1188\ROCKETSATxPcb\PCB_Project_Main\Power_TimerEvents.SchDoc with Cap Semi from Miscellaneous Devices.IntLib
Replace Part C7 Cap Semi in C:\Users\lehu1188\ROCKETSATxPcb\PCB_Project_Main\Power_TimerEvents.SchDoc with Cap Semi from Miscellaneous Devices.IntLib
Replace Part C8 Cap Semi in C:\Users\lehu1188\ROCKETSATxPcb\PCB_Project_Main\Power_TimerEvents.SchDoc with Cap Semi from Miscellaneous Devices.IntLib
Replace Part C9 Component_1 in C:\Users\lehu1188\ROCKETSATxPcb\PCB_Project_Main\Power_TimerEvents.SchDoc with Component_1 from elec_10uF_cap.SchLib
Replace Part C10 Component_1 in C:\Users\lehu1188\ROCKETSATxPcb\PCB_Project_Main\Power_TimerEvents.SchDoc with Component_1 from elec_10uF_cap.SchLib
Replace Part C11 Cap Pol2 in C:\Users\lehu1188\ROCKETSATxPcb\PCB_Project_Main\Power_TimerEvents.SchDoc with Cap Pol2 from Miscellaneous Devices.IntLib
Replace Part Q6 MOSFET-N in C:\Users\lehu1188\ROCKETSATxPcb\PCB_Project_Main\Power_TimerEvents.SchDoc with MOSFET-N from Miscellaneous Devices.IntLib
Replace Part Q7 MOSFET-N in C:\Users\lehu1188\ROCKETSATxPcb\PCB_Project_Main\Power_TimerEvents.SchDoc with MOSFET-N from Miscellaneous Devices.IntLib
Replace Part R1 Res2 in C:\Users\lehu1188\ROCKETSATxPcb\PCB_Project_Main\Power_TimerEvents.SchDoc with Res2 from Miscellaneous Devices.IntLib
Replace Part R2 Res2 in C:\Users\lehu1188\ROCKETSATxPcb\PCB_Project_Main\Power_TimerEvents.SchDoc with Res2 from Miscellaneous Devices.IntLib
Replace Part R3 Res2 in C:\Users\lehu1188\ROCKETSATxPcb\PCB_Project_Main\Power_TimerEvents.SchDoc with Res2 from Miscellaneous Devices.IntLib
Replace Part R4 Res2 in C:\Users\lehu1188\ROCKETSATxPcb\PCB_Project_Main\Power_TimerEvents.SchDoc with Res2 from Miscellaneous Devices.IntLib
Replace Part R5 smd_res1 in C:\Users\lehu1188\ROCKETSATxPcb\PCB_Project_Main\Power_TimerEvents.SchDoc with smd_res1 from smd_res1.SchLib
Replace Part R6 Res2 in C:\Users\lehu1188\ROCKETSATxPcb\PCB_Project_Main\Power_TimerEvents.SchDoc with Res2 from Miscellaneous Devices.IntLib
Replace Part R7 Res2 in C:\Users\lehu1188\ROCKETSATxPcb\PCB_Project_Main\Power_TimerEvents.SchDoc with Res2 from Miscellaneous Devices.IntLib
Replace Part R8 Res2 in C:\Users\lehu1188\ROCKETSATxPcb\PCB_Project_Main\Power_TimerEvents.SchDoc with Res2 from Miscellaneous Devices.IntLib
Replace Part R9 smd_res1 in C:\Users\lehu1188\ROCKETSATxPcb\PCB_Project_Main\Power_TimerEvents.SchDoc with smd_res1 from smd_res1.SchLib
Replace Part R10 smd_res1 in C:\Users\lehu1188\ROCKETSATxPcb\PCB_Project_Main\Power_TimerEvents.SchDoc with smd_res1 from smd_res1.SchLib
Replace Part R11 Res2 in C:\Users\lehu1188\ROCKETSATxPcb\PCB_Project_Main\Power_TimerEvents.SchDoc with Res2 from Miscellaneous Devices.IntLib
Replace Part R12 Res2 in C:\Users\lehu1188\ROCKETSATxPcb\PCB_Project_Main\Power_TimerEvents.SchDoc with Res2 from Miscellaneous Devices.IntLib
Replace Part RS PWR Header 7 in C:\Users\lehu1188\ROCKETSATxPcb\PCB_Project_Main\Power_TimerEvents.SchDoc with Header 7 from Miscellaneous Connectors.IntLib
