Replace Part BTMP1 Header 2 in C:\Users\lehu1188\ROCKETSATxPcb\PCB_Project_Main\Telemetry_AnalogSensors_PTC08_Shifter.SchDoc with Header 2 from Miscellaneous Connectors.IntLib
Replace Part BTMP2 Header 2 in C:\Users\lehu1188\ROCKETSATxPcb\PCB_Project_Main\Telemetry_AnalogSensors_PTC08_Shifter.SchDoc with Header 2 from Miscellaneous Connectors.IntLib
Replace Part BTMP3 Header 2 in C:\Users\lehu1188\ROCKETSATxPcb\PCB_Project_Main\Telemetry_AnalogSensors_PTC08_Shifter.SchDoc with Header 2 from Miscellaneous Connectors.IntLib
Replace Part C16 Cap Semi in C:\Users\lehu1188\ROCKETSATxPcb\PCB_Project_Main\Telemetry_AnalogSensors_PTC08_Shifter.SchDoc with Cap Semi from Miscellaneous Devices.IntLib
Replace Part C17 Cap Semi in C:\Users\lehu1188\ROCKETSATxPcb\PCB_Project_Main\Telemetry_AnalogSensors_PTC08_Shifter.SchDoc with Cap Semi from Miscellaneous Devices.IntLib
Replace Part C18 Cap Semi in C:\Users\lehu1188\ROCKETSATxPcb\PCB_Project_Main\Telemetry_AnalogSensors_PTC08_Shifter.SchDoc with Cap Semi from Miscellaneous Devices.IntLib
Replace Part C19 Cap Semi in C:\Users\lehu1188\ROCKETSATxPcb\PCB_Project_Main\Telemetry_AnalogSensors_PTC08_Shifter.SchDoc with Cap Semi from Miscellaneous Devices.IntLib
Replace Part C20 Cap Semi in C:\Users\lehu1188\ROCKETSATxPcb\PCB_Project_Main\Telemetry_AnalogSensors_PTC08_Shifter.SchDoc with Cap Semi from Miscellaneous Devices.IntLib
Replace Part HUM1 Header 3 in C:\Users\lehu1188\ROCKETSATxPcb\PCB_Project_Main\Telemetry_AnalogSensors_PTC08_Shifter.SchDoc with Header 3 from Miscellaneous Connectors.IntLib
Replace Part MAX3232 Component_1 in C:\Users\lehu1188\ROCKETSATxPcb\PCB_Project_Main\Telemetry_AnalogSensors_PTC08_Shifter.SchDoc with Component_1 from MAX3232.SchLib
Replace Part MEGA Comm Component_1 in C:\Users\lehu1188\ROCKETSATxPcb\PCB_Project_Main\Telemetry_AnalogSensors_PTC08_Shifter.SchDoc with Component_1 from Arduino_Comm_Correct.SchLib
Replace Part PTC1 Header 4 in C:\Users\lehu1188\ROCKETSATxPcb\PCB_Project_Main\Telemetry_AnalogSensors_PTC08_Shifter.SchDoc with Header 4 from Miscellaneous Connectors.IntLib
Replace Part PTC2 Header 4 in C:\Users\lehu1188\ROCKETSATxPcb\PCB_Project_Main\Telemetry_AnalogSensors_PTC08_Shifter.SchDoc with Header 4 from Miscellaneous Connectors.IntLib
Replace Part R31 Res2 in C:\Users\lehu1188\ROCKETSATxPcb\PCB_Project_Main\Telemetry_AnalogSensors_PTC08_Shifter.SchDoc with Res2 from Miscellaneous Devices.IntLib
Replace Part R32 Res2 in C:\Users\lehu1188\ROCKETSATxPcb\PCB_Project_Main\Telemetry_AnalogSensors_PTC08_Shifter.SchDoc with Res2 from Miscellaneous Devices.IntLib
Replace Part R33 Res2 in C:\Users\lehu1188\ROCKETSATxPcb\PCB_Project_Main\Telemetry_AnalogSensors_PTC08_Shifter.SchDoc with Res2 from Miscellaneous Devices.IntLib
Replace Part R34 Res2 in C:\Users\lehu1188\ROCKETSATxPcb\PCB_Project_Main\Telemetry_AnalogSensors_PTC08_Shifter.SchDoc with Res2 from Miscellaneous Devices.IntLib
Replace Part R35 Res2 in C:\Users\lehu1188\ROCKETSATxPcb\PCB_Project_Main\Telemetry_AnalogSensors_PTC08_Shifter.SchDoc with Res2 from Miscellaneous Devices.IntLib
Replace Part R36 Res2 in C:\Users\lehu1188\ROCKETSATxPcb\PCB_Project_Main\Telemetry_AnalogSensors_PTC08_Shifter.SchDoc with Res2 from Miscellaneous Devices.IntLib
Replace Part R37 Res2 in C:\Users\lehu1188\ROCKETSATxPcb\PCB_Project_Main\Telemetry_AnalogSensors_PTC08_Shifter.SchDoc with Res2 from Miscellaneous Devices.IntLib
Replace Part RS Telem Component_1 in C:\Users\lehu1188\ROCKETSATxPcb\PCB_Project_Main\Telemetry_AnalogSensors_PTC08_Shifter.SchDoc with Component_1 from RSX_Telemetry.SchLib
